<?xml version="1.0" encoding="UTF-8"?>
<beans xmlns="http://www.springframework.org/schema/beans"
       xmlns:xsi="http://www.w3.org/2001/XMLSchema-instance" xmlns:aop="http://www.springframework.org/schema/aop"
       xmlns:context="http://www.springframework.org/schema/context"
       xmlns:jee="http://www.springframework.org/schema/jee" xmlns:lang="http://www.springframework.org/schema/lang"
       xmlns:beans="http://www.springframework.org/schema/beans" xmlns:p="http://www.springframework.org/schema/p"
       xmlns:util="http://www.springframework.org/schema/util" xmlns:jdbc="http://www.springframework.org/schema/jdbc"
       xmlns:hdp="http://www.springframework.org/schema/hadoop"
       xsi:schemaLocation="http://www.springframework.org/schema/jdbc http://www.springframework.org/schema/jdbc/spring-jdbc-3.0.xsd
		http://www.springframework.org/schema/lang http://www.springframework.org/schema/lang/spring-lang.xsd
		http://www.springframework.org/schema/aop http://www.springframework.org/schema/aop/spring-aop.xsd
		http://www.springframework.org/schema/beans http://www.springframework.org/schema/beans/spring-beans.xsd
		http://www.springframework.org/schema/util http://www.springframework.org/schema/util/spring-util.xsd
		http://www.springframework.org/schema/context http://www.springframework.org/schema/context/spring-context.xsd
		http://www.springframework.org/schema/hadoop http://www.springframework.org/schema/hadoop/spring-hadoop.xsd">

    <bean id="propertyConfigurer" class="org.springframework.beans.factory.config.PropertyPlaceholderConfigurer">
        <property name="locations">
            <list>
                <value>test-hbase.properties</value>
            </list>
        </property>
    </bean>

    <import resource="classpath:hbase-applicationContext.xml"></import>


    <bean class="com.nhn.pinpoint.common.io.DefaultTBaseLocator"></bean>

    <bean id="trace" class="com.nhn.pinpoint.collector.dao.hbase.HbaseTraceDao"></bean>


    <bean class="com.nhn.pinpoint.web.dao.hbase.HbaseTraceDao"></bean>
    <bean class="com.nhn.pinpoint.web.service.SpanServiceImpl"></bean>

    <bean class="com.nhn.pinpoint.web.dao.hbase.HbaseSqlMetaDataDao"></bean>
    <bean class="com.nhn.pinpoint.web.mapper.SqlMetaDataMapper"></bean>

    <bean class="com.nhn.pinpoint.web.dao.hbase.HbaseAgentInfoDao"></bean>
    <bean class="com.nhn.pinpoint.collector.dao.hbase.HbaseAgentInfoDao"></bean>

    <bean class="com.nhn.pinpoint.web.dao.hbase.HbaseApiMetaDataDao"></bean>

    <bean id="spanMapper" class="com.nhn.pinpoint.web.mapper.SpanMapper"></bean>
    <bean id="annotationMapper" class="com.nhn.pinpoint.web.mapper.AnnotationMapper"></bean>
    <bean id="spanAnnotationMapper" class="com.nhn.pinpoint.web.mapper.SpanMapper">
        <property name="annotationMapper" ref="annotationMapper"/>
    </bean>
    <!-- 노가다로 하는것 말고 좀더 자동으로 되게 개선이 필요함.-->
    <bean id="sqlMetaDataMapper" class="com.nhn.pinpoint.web.mapper.SqlMetaDataMapper"></bean>
    <bean id="apiMetaDataMapper" class="com.nhn.pinpoint.web.mapper.ApiMetaDataMapper"></bean>

    <bean class="com.nhn.pinpoint.collector.util.ThreadLocalAcceptedTimeService"></bean>

</beans>