<?xml version="1.0" encoding="UTF-8"?>
<?xml version="1.0" encoding="UTF-8"?>
<beans xmlns="http://www.springframework.org/schema/beans" xmlns:xsi="http://www.w3.org/2001/XMLSchema-instance"
        >

</beans>


<bean id="propertyConfigurer" class="org.springframework.beans.factory.config.PropertyPlaceholderConfigurer">
        <property name="locations">
            <list>
                <value>test-hbase.properties</value>
            </list>
        </property>
    </bean>

    <import resource="classpath:hbase-web-applicationContext.xml"></import>


	<bean class="com.profiler.common.util.DefaultTBaseLocator"></bean>

    <bean id="trace" class="com.profiler.server.dao.Traces"></bean>

    <bean class="com.nhn.hippo.web.dao.HbaseTraceDao"></bean>
    <bean class="com.nhn.hippo.web.service.SpanServiceImpl"></bean>
    <bean class="com.nhn.hippo.web.mapper.SpanMapper" ></bean>




</beans>