<?xml version="1.0" encoding="UTF-8"?>
<beans xmlns="http://www.springframework.org/schema/beans"
       xmlns:xsi="http://www.w3.org/2001/XMLSchema-instance" xmlns:aop="http://www.springframework.org/schema/aop"
       xmlns:context="http://www.springframework.org/schema/context"
       xmlns:jee="http://www.springframework.org/schema/jee" xmlns:lang="http://www.springframework.org/schema/lang"
       xmlns:beans="http://www.springframework.org/schema/beans" xmlns:p="http://www.springframework.org/schema/p"
       xmlns:util="http://www.springframework.org/schema/util" xmlns:jdbc="http://www.springframework.org/schema/jdbc"
       xmlns:hdp="http://www.springframework.org/schema/hadoop"
       xsi:schemaLocation="http://www.springframework.org/schema/jdbc http://www.springframework.org/schema/jdbc/spring-jdbc-3.0.xsd
		http://www.springframework.org/schema/lang http://www.springframework.org/schema/lang/spring-lang.xsd
		http://www.springframework.org/schema/aop http://www.springframework.org/schema/aop/spring-aop.xsd
		http://www.springframework.org/schema/beans http://www.springframework.org/schema/beans/spring-beans.xsd
		http://www.springframework.org/schema/util http://www.springframework.org/schema/util/spring-util.xsd
		http://www.springframework.org/schema/context http://www.springframework.org/schema/context/spring-context.xsd
		http://www.springframework.org/schema/hadoop http://www.springframework.org/schema/hadoop/spring-hadoop.xsd">

    <bean id="propertyConfigurer" class="org.springframework.beans.factory.config.PropertyPlaceholderConfigurer">
        <property name="locations">
            <list>
                <value>test-hbase.properties</value>
            </list>
        </property>
    </bean>

    <import resource="classpath:hbase-applicationContext.xml"></import>

    <bean id="hBaseAdminTemplate" class="com.profiler.common.hbase.HBaseAdminTemplate" destroy-method="close">
        <constructor-arg ref="hbaseConfiguration" index="0"></constructor-arg>
    </bean>

    <bean class="com.profiler.common.io.DefaultTBaseLocator"></bean>

    <bean id="testTraceIndex" class="com.profiler.server.dao.hbase.HbaseTraceIndexDao">
        <property name="tableName" value="TestTraceIndex"/>
    </bean>

    <bean id="testHbaseJvmInfoDaoTest" class="com.profiler.server.dao.hbase.HbaseJvmInfoDao"></bean>
    <bean class="com.profiler.server.dao.hbase.HbaseTraceDao"></bean>
</beans>